Detecting compiler hash for triplet x64-windows...
Compiler found: C:/Program Files/Microsoft Visual Studio/2022/Community/VC/Tools/MSVC/14.41.34120/bin/Hostx64/x64/cl.exe
The following packages will be built and installed:
    glfw3:x64-windows@3.4 -- C:\vcpkg\buildtrees\versioning_\versions\glfw3\fcbaa3b4073da7a24e20e043164075512f027d2d
  * vcpkg-cmake:x64-windows@2024-04-23 -- C:\vcpkg\buildtrees\versioning_\versions\vcpkg-cmake\e74aa1e8f93278a8e71372f1fa08c3df420eb840
  * vcpkg-cmake-config:x64-windows@2024-05-23 -- C:\vcpkg\buildtrees\versioning_\versions\vcpkg-cmake-config\97a63e4bc1a17422ffe4eff71da53b4b561a7841
Additional packages (*) will be modified to complete this operation.
Restored 3 package(s) from C:\Users\Amila\AppData\Local\vcpkg\archives in 330 ms. Use --debug to see more details.
Installing 1/3 vcpkg-cmake-config:x64-windows@2024-05-23...
Elapsed time to handle vcpkg-cmake-config:x64-windows: 3.14 ms
vcpkg-cmake-config:x64-windows package ABI: a9b4fb57e61f8e5aab6e1bd642827ba46e50f67a798efe83575d052dcd362aab
Installing 2/3 vcpkg-cmake:x64-windows@2024-04-23...
Elapsed time to handle vcpkg-cmake:x64-windows: 54 ms
vcpkg-cmake:x64-windows package ABI: f1b63cd80eb3265128430f2df363eccbe63d5231afe5ed4f38638b653129091e
Installing 3/3 glfw3:x64-windows@3.4...
Elapsed time to handle glfw3:x64-windows: 26.5 ms
glfw3:x64-windows package ABI: 3cf04416ca5a142ffdab812745751b1d7699aae16e3c000771f834805429ef69
Total install time: 83.7 ms
glfw3 provides CMake targets:

  # this is heuristically generated, and may not be correct
  find_package(glfw3 CONFIG REQUIRED)
  target_link_libraries(main PRIVATE glfw)

glfw3 provides pkg-config modules:

  # A multi-platform library for OpenGL, window and input
  glfw3

